<?xml version="1.0" encoding="UTF-8"?>
<testsuites tests="1" failures="0" disabled="0" errors="0" time="0" timestamp="2024-06-06T15:44:52.393" name="AllTests">
  <testsuite name="GooTest" tests="1" failures="0" disabled="0" skipped="0" errors="0" time="0" timestamp="2024-06-06T15:44:52.393">
    <testcase name="TestGetValueWithPositive" status="run" result="completed" time="0" timestamp="2024-06-06T15:44:52.393" classname="GooTest">
<properties>
<property name="cpptest_filename" value="/workspaces/demo/goo_test.cpp"/>
<property name="req" value="REQ-123-POSITIVE"/>
</properties>
    </testcase>
  </testsuite>
</testsuites>
